#
# There is insufficient memory for the Java Runtime Environment to continue.
# Native memory allocation (malloc) failed to allocate 1048576 bytes for AllocateHeap
# Possible reasons:
#   The system is out of physical RAM or swap space
#   The process is running with CompressedOops enabled, and the Java Heap may be blocking the growth of the native heap
# Possible solutions:
#   Reduce memory load on the system
#   Increase physical memory or swap space
#   Check if swap backing store is full
#   Decrease Java heap size (-Xmx/-Xms)
#   Decrease number of Java threads
#   Decrease Java thread stack sizes (-Xss)
#   Set larger code cache with -XX:ReservedCodeCacheSize=
#   JVM is running with Unscaled Compressed Oops mode in which the Java heap is
#     placed in the first 4GB address space. The Java Heap base address is the
#     maximum limit for the native heap growth. Please use -XX:HeapBaseMinAddress
#     to set the Java Heap base and to place the Java Heap above 4GB virtual address.
# This output file may be truncated or incomplete.
#
#  Out of Memory Error (allocation.cpp:44), pid=13960, tid=11472
#
# JRE version:  (17.0.6+10) (build )
# Java VM: OpenJDK 64-Bit Server VM (17.0.6+10, mixed mode, tiered, compressed oops, compressed class ptrs, parallel gc, windows-amd64)
# No core dump will be written. Minidumps are not enabled by default on client versions of Windows
#

---------------  S U M M A R Y ------------

Command Line: --add-modules=ALL-SYSTEM --add-opens=java.base/java.util=ALL-UNNAMED --add-opens=java.base/java.lang=ALL-UNNAMED --add-opens=java.base/sun.nio.fs=ALL-UNNAMED -Declipse.application=org.eclipse.jdt.ls.core.id1 -Dosgi.bundles.defaultStartLevel=4 -Declipse.product=org.eclipse.jdt.ls.core.product -Djava.import.generatesMetadataFilesAtProjectRoot=false -Dfile.encoding=utf8 -XX:+UseParallelGC -XX:GCTimeRatio=4 -XX:AdaptiveSizePolicyWeight=90 -Dsun.zip.disableMemoryMapping=true -Xmx1G -Xms100m -Xlog:disable -javaagent:c:\Users\Steven\.vscode\extensions\redhat.java-1.20.0-win32-x64\lombok\lombok-1.18.28.jar c:\Users\Steven\.vscode\extensions\redhat.java-1.20.0-win32-x64\server\plugins\org.eclipse.equinox.launcher_1.6.500.v20230622-2056.jar -configuration c:\Users\Steven\AppData\Roaming\Code\User\globalStorage\redhat.java\1.20.0\config_ss_win -data c:\Users\Steven\AppData\Roaming\Code\User\workspaceStorage\724ba5d9e9ec4c1cabcd5b751b280634\redhat.java\ss_ws

Host: Intel(R) Core(TM) i7-8565U CPU @ 1.80GHz, 8 cores, 11G,  Windows 11 , 64 bit Build 22621 (10.0.22621.1928)
Time: Thu Jul 13 15:27:19 2023 Malay Peninsula Standard Time elapsed time: 2.716356 seconds (0d 0h 0m 2s)

---------------  T H R E A D  ---------------

Current thread (0x0000026f1471c190):  JavaThread "Unknown thread" [_thread_in_vm, id=11472, stack(0x00000086db600000,0x00000086db700000)]

Stack: [0x00000086db600000,0x00000086db700000]
Native frames: (J=compiled Java code, j=interpreted, Vv=VM code, C=native code)
V  [jvm.dll+0x67741a]
V  [jvm.dll+0x834434]
V  [jvm.dll+0x835bde]
V  [jvm.dll+0x836243]
V  [jvm.dll+0x2457b5]
V  [jvm.dll+0xa626f]
V  [jvm.dll+0x6b4783]
V  [jvm.dll+0x6b52ef]
V  [jvm.dll+0x683b18]
V  [jvm.dll+0x80684b]
V  [jvm.dll+0x3693b4]
V  [jvm.dll+0x7e56ac]
V  [jvm.dll+0x3eb35f]
V  [jvm.dll+0x3ecea1]
C  [jli.dll+0x5267]
C  [ucrtbase.dll+0x29363]
C  [KERNEL32.DLL+0x126ad]
C  [ntdll.dll+0x5aa68]


---------------  P R O C E S S  ---------------

Threads class SMR info:
_java_thread_list=0x00007ff92dfb5fd8, length=0, elements={
}

Java Threads: ( => current thread )

Other Threads:
  0x0000026f14734c00 GCTaskThread "GC Thread#0" [stack: 0x00000086db700000,0x00000086db800000] [id=9100]

=>0x0000026f1471c190 (exited) JavaThread "Unknown thread" [_thread_in_vm, id=11472, stack(0x00000086db600000,0x00000086db700000)]

Threads with active compile tasks:

VM state: not at safepoint (normal execution)

VM Mutex/Monitor currently owned by a thread: None

Heap address: 0x00000000c0000000, size: 1024 MB, Compressed Oops mode: 32-bit

CDS archive(s) not mapped
Compressed class space mapped at: 0x0000000100000000-0x0000000140000000, reserved size: 1073741824
Narrow klass base: 0x0000000000000000, Narrow klass shift: 3, Narrow klass range: 0x140000000

GC Precious Log:
 CPUs: 8 total, 8 available
 Memory: 12139M
 Large Page Support: Disabled
 NUMA Support: Disabled
 Compressed Oops: Enabled (32-bit)
 Alignments: Space 512K, Generation 512K, Heap 2M
 Heap Min Capacity: 100M
 Heap Initial Capacity: 100M
 Heap Max Capacity: 1G
 Pre-touch: Disabled
 Parallel Workers: 8

Heap:
 PSYoungGen      total 29696K, used 512K [0x00000000eab00000, 0x00000000ecc00000, 0x0000000100000000)
  eden space 25600K, 2% used [0x00000000eab00000,0x00000000eab80070,0x00000000ec400000)
  from space 4096K, 0% used [0x00000000ec800000,0x00000000ec800000,0x00000000ecc00000)
  to   space 4096K, 0% used [0x00000000ec400000,0x00000000ec400000,0x00000000ec800000)
 ParOldGen       total 68608K, used 0K [0x00000000c0000000, 0x00000000c4300000, 0x00000000eab00000)
  object space 68608K, 0% used [0x00000000c0000000,0x00000000c0000000,0x00000000c4300000)
 Metaspace       used 1337K, committed 1408K, reserved 1056768K
  class space    used 101K, committed 128K, reserved 1048576K

Card table byte_map: [0x0000026f140c0000,0x0000026f142d0000] _byte_map_base: 0x0000026f13ac0000

Marking Bits: (ParMarkBitMap*) 0x00007ff92e023e70
 Begin Bits: [0x0000026f2b200000, 0x0000026f2c200000)
 End Bits:   [0x0000026f2c200000, 0x0000026f2d200000)

Polling page: 0x0000026f12680000

Metaspace:

Usage:
  Non-class:      1.21 MB used.
      Class:    101.01 KB used.
       Both:      1.31 MB used.

Virtual space:
  Non-class space:        8.00 MB reserved,       1.25 MB ( 16%) committed,  1 nodes.
      Class space:        1.00 GB reserved,     128.00 KB ( <1%) committed,  1 nodes.
             Both:        1.01 GB reserved,       1.38 MB ( <1%) committed. 

Chunk freelists:
   Non-Class:  0 bytes
       Class:  3.75 MB
        Both:  3.75 MB

MaxMetaspaceSize: unlimited
CompressedClassSpaceSize: 1.00 GB
Initial GC threshold: 21.00 MB
Current GC threshold: 17179869184.00 GB
CDS: off
MetaspaceReclaimPolicy: balanced
 - commit_granule_bytes: 65536.
 - commit_granule_words: 8192.
 - virtual_space_node_default_size: 1048576.
 - enlarge_chunks_in_place: 1.
 - new_chunks_are_fully_committed: 0.
 - uncommit_free_chunks: 1.
 - use_allocation_guard: 0.
 - handle_deallocations: 1.


Internal statistics:

num_allocs_failed_limit: 0.
num_arena_births: 2.
num_arena_deaths: 0.
num_vsnodes_births: 2.
num_vsnodes_deaths: 0.
num_space_committed: 22.
num_space_uncommitted: 0.
num_chunks_returned_to_freelist: 0.
num_chunks_taken_from_freelist: 3.
num_chunk_merges: 0.
num_chunk_splits: 1.
num_chunks_enlarged: 0.
num_purges: 0.
num_inconsistent_stats: 0.

CodeHeap 'non-profiled nmethods': size=120000Kb used=0Kb max_used=0Kb free=120000Kb
 bounds [0x0000026f23cd0000, 0x0000026f23f40000, 0x0000026f2b200000]
CodeHeap 'profiled nmethods': size=120000Kb used=0Kb max_used=0Kb free=120000Kb
 bounds [0x0000026f1c200000, 0x0000026f1c470000, 0x0000026f23730000]
CodeHeap 'non-nmethods': size=5760Kb used=202Kb max_used=353Kb free=5557Kb
 bounds [0x0000026f23730000, 0x0000026f239a0000, 0x0000026f23cd0000]
 total_blobs=66 nmethods=0 adapters=47
 compilation: enabled
              stopped_count=0, restarted_count=0
 full_count=0

Compilation events (0 events):
No events

GC Heap History (0 events):
No events

Dll operation events (1 events):
Event: 1.343 Loaded shared library C:\Users\Steven\.jdks\temurin-17.0.6\bin\java.dll

Deoptimization events (0 events):
No events

Classes unloaded (0 events):
No events

Classes redefined (0 events):
No events

Internal exceptions (0 events):
No events

VM Operations (0 events):
No events

Events (20 events):
Event: 2.700 loading class java/lang/Long
Event: 2.700 loading class java/lang/Long done
Event: 2.700 loading class java/util/Iterator
Event: 2.701 loading class java/util/Iterator done
Event: 2.701 loading class java/lang/reflect/RecordComponent
Event: 2.701 loading class java/lang/reflect/RecordComponent done
Event: 2.701 loading class jdk/internal/vm/vector/VectorSupport
Event: 2.701 loading class jdk/internal/vm/vector/VectorSupport done
Event: 2.701 loading class jdk/internal/vm/vector/VectorSupport$VectorPayload
Event: 2.701 loading class jdk/internal/vm/vector/VectorSupport$VectorPayload done
Event: 2.701 loading class jdk/internal/vm/vector/VectorSupport$Vector
Event: 2.701 loading class jdk/internal/vm/vector/VectorSupport$Vector done
Event: 2.701 loading class jdk/internal/vm/vector/VectorSupport$VectorMask
Event: 2.701 loading class jdk/internal/vm/vector/VectorSupport$VectorMask done
Event: 2.701 loading class jdk/internal/vm/vector/VectorSupport$VectorShuffle
Event: 2.701 loading class jdk/internal/vm/vector/VectorSupport$VectorShuffle done
Event: 2.713 loading class java/lang/NullPointerException
Event: 2.713 loading class java/lang/NullPointerException done
Event: 2.713 loading class java/lang/ArithmeticException
Event: 2.713 loading class java/lang/ArithmeticException done


Dynamic libraries:
0x00007ff6e67d0000 - 0x00007ff6e67de000 	C:\Users\Steven\.jdks\temurin-17.0.6\bin\java.exe
0x00007ff97a750000 - 0x00007ff97a964000 	C:\WINDOWS\SYSTEM32\ntdll.dll
0x00007ff978960000 - 0x00007ff978a22000 	C:\WINDOWS\System32\KERNEL32.DLL
0x00007ff977e60000 - 0x00007ff978203000 	C:\WINDOWS\System32\KERNELBASE.dll
0x00007ff978300000 - 0x00007ff978411000 	C:\WINDOWS\System32\ucrtbase.dll
0x00007ff945750000 - 0x00007ff945767000 	C:\Users\Steven\.jdks\temurin-17.0.6\bin\jli.dll
0x00007ff945730000 - 0x00007ff945749000 	C:\Users\Steven\.jdks\temurin-17.0.6\bin\VCRUNTIME140.dll
0x00007ff97a3c0000 - 0x00007ff97a56a000 	C:\WINDOWS\System32\USER32.dll
0x00007ff9782d0000 - 0x00007ff9782f6000 	C:\WINDOWS\System32\win32u.dll
0x00007ff96e4b0000 - 0x00007ff96e73e000 	C:\WINDOWS\WinSxS\amd64_microsoft.windows.common-controls_6595b64144ccf1df_6.0.22621.1635_none_270f70857386168e\COMCTL32.dll
0x00007ff97a2e0000 - 0x00007ff97a309000 	C:\WINDOWS\System32\GDI32.dll
0x00007ff978b70000 - 0x00007ff978c17000 	C:\WINDOWS\System32\msvcrt.dll
0x00007ff977b50000 - 0x00007ff977c69000 	C:\WINDOWS\System32\gdi32full.dll
0x00007ff978490000 - 0x00007ff97852a000 	C:\WINDOWS\System32\msvcp_win.dll
0x00007ff97a030000 - 0x00007ff97a061000 	C:\WINDOWS\System32\IMM32.DLL
0x00007ff9630f0000 - 0x00007ff9630fc000 	C:\Users\Steven\.jdks\temurin-17.0.6\bin\vcruntime140_1.dll
0x00007ff93ca80000 - 0x00007ff93cb11000 	C:\Users\Steven\.jdks\temurin-17.0.6\bin\msvcp140.dll
0x00007ff92d4a0000 - 0x00007ff92e0e7000 	C:\Users\Steven\.jdks\temurin-17.0.6\bin\server\jvm.dll
0x00007ff9786a0000 - 0x00007ff97874e000 	C:\WINDOWS\System32\ADVAPI32.dll
0x00007ff979b00000 - 0x00007ff979ba4000 	C:\WINDOWS\System32\sechost.dll
0x00007ff97a570000 - 0x00007ff97a687000 	C:\WINDOWS\System32\RPCRT4.dll
0x00007ff94cf80000 - 0x00007ff94cf89000 	C:\WINDOWS\SYSTEM32\WSOCK32.dll
0x00007ff972190000 - 0x00007ff9721c4000 	C:\WINDOWS\SYSTEM32\WINMM.dll
0x00007ff9731a0000 - 0x00007ff9731aa000 	C:\WINDOWS\SYSTEM32\VERSION.dll
0x00007ff978550000 - 0x00007ff9785c1000 	C:\WINDOWS\System32\WS2_32.dll
0x00007ff976c80000 - 0x00007ff976c98000 	C:\WINDOWS\SYSTEM32\kernel.appcore.dll
0x00007ff962ce0000 - 0x00007ff962cea000 	C:\Users\Steven\.jdks\temurin-17.0.6\bin\jimage.dll
0x00007ff971a00000 - 0x00007ff971c2e000 	C:\WINDOWS\SYSTEM32\DBGHELP.DLL
0x00007ff978dd0000 - 0x00007ff979159000 	C:\WINDOWS\System32\combase.dll
0x00007ff979990000 - 0x00007ff979a67000 	C:\WINDOWS\System32\OLEAUT32.dll
0x00007ff96fa80000 - 0x00007ff96fab2000 	C:\WINDOWS\SYSTEM32\dbgcore.DLL
0x00007ff977c70000 - 0x00007ff977cea000 	C:\WINDOWS\System32\bcryptPrimitives.dll
0x00007ff9629b0000 - 0x00007ff9629be000 	C:\Users\Steven\.jdks\temurin-17.0.6\bin\instrument.dll
0x00007ff950fd0000 - 0x00007ff950ff5000 	C:\Users\Steven\.jdks\temurin-17.0.6\bin\java.dll

dbghelp: loaded successfully - version: 4.0.5 - missing functions: none
symbol engine: initialized successfully - sym options: 0x614 - pdb path: .;C:\Users\Steven\.jdks\temurin-17.0.6\bin;C:\WINDOWS\SYSTEM32;C:\WINDOWS\WinSxS\amd64_microsoft.windows.common-controls_6595b64144ccf1df_6.0.22621.1635_none_270f70857386168e;C:\Users\Steven\.jdks\temurin-17.0.6\bin\server

VM Arguments:
jvm_args: --add-modules=ALL-SYSTEM --add-opens=java.base/java.util=ALL-UNNAMED --add-opens=java.base/java.lang=ALL-UNNAMED --add-opens=java.base/sun.nio.fs=ALL-UNNAMED -Declipse.application=org.eclipse.jdt.ls.core.id1 -Dosgi.bundles.defaultStartLevel=4 -Declipse.product=org.eclipse.jdt.ls.core.product -Djava.import.generatesMetadataFilesAtProjectRoot=false -Dfile.encoding=utf8 -XX:+UseParallelGC -XX:GCTimeRatio=4 -XX:AdaptiveSizePolicyWeight=90 -Dsun.zip.disableMemoryMapping=true -Xmx1G -Xms100m -Xlog:disable -javaagent:c:\Users\Steven\.vscode\extensions\redhat.java-1.20.0-win32-x64\lombok\lombok-1.18.28.jar 
java_command: c:\Users\Steven\.vscode\extensions\redhat.java-1.20.0-win32-x64\server\plugins\org.eclipse.equinox.launcher_1.6.500.v20230622-2056.jar -configuration c:\Users\Steven\AppData\Roaming\Code\User\globalStorage\redhat.java\1.20.0\config_ss_win -data c:\Users\Steven\AppData\Roaming\Code\User\workspaceStorage\724ba5d9e9ec4c1cabcd5b751b280634\redhat.java\ss_ws
java_class_path (initial): c:\Users\Steven\.vscode\extensions\redhat.java-1.20.0-win32-x64\server\plugins\org.eclipse.equinox.launcher_1.6.500.v20230622-2056.jar
Launcher Type: SUN_STANDARD

[Global flags]
    uintx AdaptiveSizePolicyWeight                 = 90                                        {product} {command line}
     intx CICompilerCount                          = 4                                         {product} {ergonomic}
    uintx GCTimeRatio                              = 4                                         {product} {command line}
   size_t InitialHeapSize                          = 104857600                                 {product} {command line}
   size_t MaxHeapSize                              = 1073741824                                {product} {command line}
   size_t MaxNewSize                               = 357564416                                 {product} {ergonomic}
   size_t MinHeapDeltaBytes                        = 524288                                    {product} {ergonomic}
   size_t MinHeapSize                              = 104857600                                 {product} {command line}
   size_t NewSize                                  = 34603008                                  {product} {ergonomic}
    uintx NonNMethodCodeHeapSize                   = 5839372                                {pd product} {ergonomic}
    uintx NonProfiledCodeHeapSize                  = 122909434                              {pd product} {ergonomic}
   size_t OldSize                                  = 70254592                                  {product} {ergonomic}
    uintx ProfiledCodeHeapSize                     = 122909434                              {pd product} {ergonomic}
    uintx ReservedCodeCacheSize                    = 251658240                              {pd product} {ergonomic}
     bool SegmentedCodeCache                       = true                                      {product} {ergonomic}
   size_t SoftMaxHeapSize                          = 1073741824                             {manageable} {ergonomic}
     bool UseCompressedClassPointers               = true                           {product lp64_product} {ergonomic}
     bool UseCompressedOops                        = true                           {product lp64_product} {ergonomic}
     bool UseLargePagesIndividualAllocation        = false                                  {pd product} {ergonomic}
     bool UseParallelGC                            = true                                      {product} {command line}

Logging:
Log output configuration:
 #0: stdout all=off uptime,level,tags
 #1: stderr all=off uptime,level,tags

Environment Variables:
JAVA_HOME=D:\env\jdk-11
PATH=C:\Program Files\Semeru\jdk-11.0.19.7-openj9\bin;C:\Windows\system32;C:\Windows;C:\Windows\System32\Wbem;C:\Windows\System32\WindowsPowerShell\v1.0\;C:\Windows\System32\OpenSSH\;C:\Program Files (x86)\NVIDIA Corporation\PhysX\Common;C:\Program Files\Git\cmd;D:\env\jdk-11\bin;C:\Program Files\nodejs\;D:\env\apache-maven-3.6.3\bin;;C:\WINDOWS\system32;C:\WINDOWS;C:\WINDOWS\System32\Wbem;C:\WINDOWS\System32\WindowsPowerShell\v1.0\;C:\WINDOWS\System32\OpenSSH\;C:\Program Files\PuTTY\;C:\Program Files\dotnet\;C:\Users\Steven\AppData\Local\Microsoft\WindowsApps;C:\Users\Steven\AppData\Roaming\npm;;C:\Program Files\JetBrains\IntelliJ IDEA Community Edition 2022.3.2\bin;;C:\Users\Steven\AppData\Local\Programs\Microsoft VS Code\bin
USERNAME=Steven
OS=Windows_NT
PROCESSOR_IDENTIFIER=Intel64 Family 6 Model 142 Stepping 11, GenuineIntel
TMP=C:\Users\Steven\AppData\Local\Temp
TEMP=C:\Users\Steven\AppData\Local\Temp



---------------  S Y S T E M  ---------------

OS:
 Windows 11 , 64 bit Build 22621 (10.0.22621.1928)
OS uptime: 0 days 12:32 hours

CPU: total 8 (initial active 8) (4 cores per cpu, 2 threads per core) family 6 model 142 stepping 11 microcode 0xde, cx8, cmov, fxsr, ht, mmx, 3dnowpref, sse, sse2, sse3, ssse3, sse4.1, sse4.2, popcnt, lzcnt, tsc, tscinvbit, avx, avx2, aes, erms, clmul, bmi1, bmi2, adx, fma, vzeroupper, clflush, clflushopt

Memory: 4k page, system-wide physical 12139M (1803M free)
TotalPageFile size 14187M (AvailPageFile size 4M)
current process WorkingSet (physical memory assigned to process): 16M, peak: 16M
current process commit charge ("private bytes"): 174M, peak: 175M

vm_info: OpenJDK 64-Bit Server VM (17.0.6+10) for windows-amd64 JRE (17.0.6+10), built on Jan 18 2023 10:08:59 by "temurin" with MS VC++ 16.7 (VS2019)

END.
